make all --print-data-base --no-builtin-variables --no-builtin-rules --question
# GNU Make 3.81
# Copyright (C) 2006  Free Software Foundation, Inc.
# This is free software; see the source for copying conditions.
# There is NO warranty; not even for MERCHANTABILITY or FITNESS FOR A
# PARTICULAR PURPOSE.

# This program built for i386-apple-darwin11.3.0
 
== Running in local environment ============
 
cat: RROJECT: No such file or directory

== BUILD VARS ==============================
PRERELEASE=
BUILD_META=
 
VERSION=0.1.0
 
SEMVER=0.1.0-feature_convert
 
CI_COMMIT_SHA=be451d8cfa2cdc7edc85a85220430e2527dc0d79
 
CI_COMMIT_SHORT_SHA=be451d8

 
CI_PROJECT_PATH=waffler
DOCKER_REGISTRY=interestingstorage
DOCKER_BUILD_LABELS="com.f5aas.version=0.1.0-feature_convert" "com.f5aas.package=" "com.f5aas.commit_sha=be451d8cfa2cdc7edc85a85220430e2527dc0d79" "com.f5aas.commit_sha_short=be451d8"
 
DOCKER_REPOSITORY_URI=interestingstorage/waffler
 

GOLDFLAGS=
GOGOPATH=
GO111MODULE=
GOFLAGS=
============================================
 

# Make data base, printed on Thu Jul 14 13:36:47 2022

# Variables

# automatic
<D = $(patsubst %/,%,$(dir $<))
# automatic
?F = $(notdir $?)
# environment
VSCODE_LOG_NATIVE = false
# environment
NVM_INC = /Users/se.levin/.nvm/versions/node/v12.22.12/include/node
# automatic
?D = $(patsubst %/,%,$(dir $?))
# automatic
@D = $(patsubst %/,%,$(dir $@))
# automatic
@F = $(notdir $@)
# makefile
CURDIR := /Users/se.levin/Work/f5-waf-policy-editor
# makefile
SHELL = /bin/sh
# environment
VSCODE_NLS_CONFIG = {"locale":"en-gb","availableLanguages":{},"_languagePackSupport":true}
# environment
_ = /usr/bin/make
# environment
GVM_ROOT = /Users/se.levin/.gvm
# makefile (from `Makefile', line 1)
MAKEFILE_LIST :=  Makefile
# makefile (from `Makefile', line 11)
CI_PROJECT_PATH = $(shell cat PROJECT)
 
# makefile (from `Makefile', line 21)
DOCKER_REPOSITORY_URI = $(DOCKER_REGISTRY)/$(CI_PROJECT_PATH)
# makefile (from `Makefile', line 15)
VERSION = $(shell cat VERSION)
# environment
VSCODE_VERBOSE_LOGGING = true
# environment
__CFBundleIdentifier = com.microsoft.VSCode
# environment
INFOPATH = /opt/homebrew/share/info:
# environment
GVM_PATH_BACKUP = /Users/se.levin/.gvm/bin:/Users/se.levin/Downloads/google-cloud-sdk/bin:/Users/se.levin/.nvm/versions/node/v12.22.12/bin:/opt/homebrew/bin:/opt/homebrew/sbin:/usr/local/bin:/usr/bin:/bin:/usr/sbin:/sbin:/Users/se.levin/go/bin:/opt/homebrew/opt/go/libexec/bin
# environment
VSCODE_IPC_HOOK_EXTHOST = /var/folders/jl/yd60nw1n1k3f0nh35vl65m0w0000gp/T/vscode-ipc-4eca3633-fb37-4a7a-8ff6-60ecd167e183.sock
# environment
VSCODE_CWD = /
# environment
PATH = /Users/se.levin/.gvm/bin:/Users/se.levin/Downloads/google-cloud-sdk/bin:/Users/se.levin/.nvm/versions/node/v12.22.12/bin:/opt/homebrew/bin:/opt/homebrew/sbin:/usr/local/bin:/usr/bin:/bin:/usr/sbin:/sbin:/Users/se.levin/go/bin:/opt/homebrew/opt/go/libexec/bin
# environment
LSCOLORS = Gxfxcxdxbxegedabagacad
# environment
NVM_BIN = /Users/se.levin/.nvm/versions/node/v12.22.12/bin
# environment
VSCODE_LOG_STACK = false
# environment
ELECTRON_RUN_AS_NODE = 1
# default
.FEATURES := target-specific order-only second-expansion else-if archives jobserver check-symlink
# environment
SSH_AUTH_SOCK = /private/tmp/com.apple.launchd.MPgcCydtqP/Listeners
# automatic
%F = $(notdir $%)
# environment
VSCODE_PIPE_LOGGING = true
# environment
PWD = /Users/se.levin/Work/f5-waf-policy-editor
# makefile (from `Makefile', line 12)
CI_PROJECT_NAME = $(shell cat RROJECT)
# environment
HOMEBREW_CELLAR = /opt/homebrew/Cellar
# makefile (from `Makefile', line 17)
SEMVER = $(VERSION)-$(shell sed "s/\//_/g" <<< $(SUFFIX))
# environment
ORIGINAL_XDG_CURRENT_DESKTOP = undefined
# environment
MANPATH = /Users/se.levin/.nvm/versions/node/v12.22.12/share/man:/opt/homebrew/share/man::
# environment
VSCODE_AMD_ENTRYPOINT = vs/workbench/api/node/extensionHostProcess
# environment
HOME = /Users/se.levin
# default
MAKEFILEPATH = $(shell /usr/bin/xcode-select -print-path 2>/dev/null || echo /Developer)/Makefiles
# environment
VSCODE_CODE_CACHE_PATH = /Users/se.levin/Library/Application Support/Code/CachedData/30d9c6cd9483b2cc586687151bcbcd635f373630
# environment
LOGNAME = se.levin
# environment
APPLICATION_INSIGHTS_NO_DIAGNOSTIC_CHANNEL = 1
# environment
NVM_CD_FLAGS = -q
# environment
ZSH = /Users/se.levin/.oh-my-zsh
# environment
VSCODE_HANDLES_UNCAUGHT_ERRORS = true
# automatic
^D = $(patsubst %/,%,$(dir $^))
# environment
GVM_VERSION = 1.0.22
# environment
XPC_FLAGS = 0x0
# default
MAKE = $(MAKE_COMMAND)
# default
MAKECMDGOALS := all
# makefile (from `Makefile', line 20)
DOCKER_REGISTRY = interestingstorage
# environment
SHLVL = 1
# makefile (from `Makefile', line 10)
CI_COMMIT_SHA = $(shell git rev-parse HEAD)
# default
MAKE_VERSION := 3.81
# environment
USER = se.levin
# makefile
.DEFAULT_GOAL := all
# makefile (from `Makefile', line 16)
SUFFIX = $(shell git rev-parse --abbrev-ref HEAD)
# environment
LESS = -R
# automatic
%D = $(patsubst %/,%,$(dir $%))
# makefile (from `Makefile', line 9)
CI_COMMIT_SHORT_SHA = $(shell git rev-parse --short HEAD)
# default
MAKE_COMMAND := /Library/Developer/CommandLineTools/usr/bin/make
# default
.VARIABLES := 
# environment
TMPDIR = /var/folders/jl/yd60nw1n1k3f0nh35vl65m0w0000gp/T/
# automatic
*F = $(notdir $*)
# environment
VSCODE_IPC_HOOK = /Users/se.levin/Library/Application Support/Code/1.68.1-main.sock
# makefile
MAKEFLAGS = Rrqp
# environment
MFLAGS = -Rrqp
# automatic
*D = $(patsubst %/,%,$(dir $*))
# environment
NVM_DIR = /Users/se.levin/.nvm
# environment
XPC_SERVICE_NAME = application.com.microsoft.VSCode.13225387.13225393
# environment
HOMEBREW_PREFIX = /opt/homebrew
# automatic
+D = $(patsubst %/,%,$(dir $+))
# automatic
+F = $(notdir $+)
# makefile (from `Makefile', line 22)
DOCKER_BUILD_LABELS := "com.f5aas.version=0.1.0-feature_convert" "com.f5aas.package=" "com.f5aas.commit_sha=be451d8cfa2cdc7edc85a85220430e2527dc0d79" "com.f5aas.commit_sha_short=be451d8"
# environment
HOMEBREW_REPOSITORY = /opt/homebrew
# environment
__CF_USER_TEXT_ENCODING = 0x1F6:0x0:0x2
# environment
COMMAND_MODE = unix2003
# default
MAKEFILES := 
# automatic
<F = $(notdir $<)
# environment
GOPRIVATE = gitswarm.f5net.com/*
# environment
PAGER = less
# environment
LC_ALL = C
# automatic
^F = $(notdir $^)
# default
SUFFIXES := 
# environment
MAKELEVEL := 0
# environment
LANG = C
# environment
VSCODE_PID = 9309
# variable set hash-table stats:
# Load=88/1024=9%, Rehash=0, Collisions=7/199=4%

# Pattern-specific Variable Values

# No pattern-specific variable values.

# Directories

# . (device 16777233, inode 14834812): 23 files, no impossibilities.

# 23 files, no impossibilities in 1 directories.

# Implicit Rules

# No implicit rules.

# Files

all: docker docker-push
#  Phony target (prerequisite of .PHONY).
#  Command-line target.
#  Implicit rule search has not been done.
#  File does not exist.
#  File has been updated.
#  Needs to be updated (-q is set).
# variable set hash-table stats:
# Load=0/32=0%, Rehash=0, Collisions=0/26=0%

.PHONY: all docker docker-push helm-i helm-u xc-deploy xc-delete
#  Implicit rule search has not been done.
#  Modification time never checked.
#  File has not been updated.

# Not a target:
.SUFFIXES:
#  Implicit rule search has not been done.
#  Modification time never checked.
#  File has not been updated.

# Not a target:
Makefile:
#  Implicit rule search has been done.
#  Last modified 2022-07-14 13:25:34
#  File has been updated.
#  Successfully updated.
# variable set hash-table stats:
# Load=0/32=0%, Rehash=0, Collisions=0/0=0%

xc-delete:
#  Phony target (prerequisite of .PHONY).
#  Implicit rule search has not been done.
#  File does not exist.
#  File has not been updated.
#  commands to execute (from `Makefile', line 81):
	KUBECONFIG=./ves_waffler_waffler.yml helm uninstall waffler	
	

xc-deploy:
#  Phony target (prerequisite of .PHONY).
#  Implicit rule search has not been done.
#  File does not exist.
#  File has not been updated.
#  commands to execute (from `Makefile', line 78):
	KUBECONFIG=./ves_waffler_waffler.yml helm upgrade --install waffler ./helm/waffler --values=./helm/waffler/values.yaml
	

# Not a target:
.DEFAULT:
#  Implicit rule search has not been done.
#  Modification time never checked.
#  File has not been updated.

docker:
#  Phony target (prerequisite of .PHONY).
#  Implicit rule search has not been done.
#  Implicit/static pattern stem: `'
#  File does not exist.
#  File has been updated.
#  Needs to be updated (-q is set).
# automatic
# @ := docker
# automatic
# % := 
# automatic
# * := 
# automatic
# + := 
# automatic
# | := 
# automatic
# < := 
# automatic
# ^ := 
# automatic
# ? := 
# variable set hash-table stats:
# Load=8/32=25%, Rehash=0, Collisions=4/34=12%
#  commands to execute (from `Makefile', line 49):
	docker login -u $(DOCKER_USER) -p $(DOCKER_PASS)
	DOCKER_BUILDKIT=1 docker build --no-cache \
	--build-arg SEMVER=$(SEMVER) \
	--build-arg CI_COMMIT_SHORT_SHA=$(CI_COMMIT_SHORT_SHA) \
	--build-arg CI_COMMIT_SHA=$(CI_COMMIT_SHA) \
	$(addprefix --label ,$(DOCKER_BUILD_LABELS)) \
	-t $(CI_PROJECT_PATH):$(CI_COMMIT_SHORT_SHA) \
	-f ./Dockerfile \
	.
	

helm-u:
#  Phony target (prerequisite of .PHONY).
#  Implicit rule search has not been done.
#  File does not exist.
#  File has not been updated.
#  commands to execute (from `Makefile', line 75):
	helm uninstall waffler
	

helm-i:
#  Phony target (prerequisite of .PHONY).
#  Implicit rule search has not been done.
#  File does not exist.
#  File has not been updated.
#  commands to execute (from `Makefile', line 72):
	helm upgrade --install waffler ./helm/waffler --values=./helm/waffler/values.yaml
	

docker-push:
#  Phony target (prerequisite of .PHONY).
#  Implicit rule search has not been done.
#  File does not exist.
#  File has not been updated.
#  commands to execute (from `Makefile', line 60):
	docker login -u $(DOCKER_USER) -p $(DOCKER_PASS)
 
	docker tag $(CI_PROJECT_PATH):$(CI_COMMIT_SHORT_SHA) $(DOCKER_REPOSITORY_URI):$(CI_COMMIT_SHORT_SHA)
	docker tag $(CI_PROJECT_PATH):$(CI_COMMIT_SHORT_SHA) $(DOCKER_REPOSITORY_URI):$(VERSION)
	docker tag $(CI_PROJECT_PATH):$(CI_COMMIT_SHORT_SHA) $(DOCKER_REPOSITORY_URI):$(SEMVER)
	docker tag $(CI_PROJECT_PATH):$(CI_COMMIT_SHORT_SHA) $(DOCKER_REPOSITORY_URI):latest
	docker push $(DOCKER_REPOSITORY_URI):$(CI_COMMIT_SHORT_SHA)
	docker push $(DOCKER_REPOSITORY_URI):$(VERSION)
	docker push $(DOCKER_REPOSITORY_URI):$(SEMVER)
	docker push $(DOCKER_REPOSITORY_URI):latest
	

# files hash-table stats:
# Load=11/1024=1%, Rehash=0, Collisions=0/34=0%
# VPATH Search Paths

# No `vpath' search paths.

# No general (`VPATH' variable) search path.

# # of strings in strcache: 1
# # of strcache buffers: 1
# strcache size: total = 4096 / max = 4096 / min = 4096 / avg = 4096
# strcache free: total = 4087 / max = 4087 / min = 4087 / avg = 4087

# Finished Make data base on Thu Jul 14 13:36:47 2022

 
